Using pre-set license
Built from '2020.3/staging' branch; Version is '2020.3.0f1 (c7b5465681fb) revision 13088070'; Using compiler version '192528614'; Build Type 'Release'
OS: 'Windows 10 Pro; OS build 19044.1889; Version 2009; 64bit' Language: 'ru' Physical Memory: 10223 MB
BatchMode: 1, IsHumanControllingUs: 0, StartBugReporterOnCrash: 0, Is64bit: 1, IsPro: 0

 COMMAND LINE ARGUMENTS:
C:\Program Files\Unity\Hub\Editor\2020.3.0f1\Editor\Unity.exe
-adb2
-batchMode
-noUpm
-name
AssetImportWorker0
-projectPath
C:/Users/KDFX Team/snake2
-logFile
Logs/AssetImportWorker0.log
-srvPort
59348
Successfully changed project path to: C:/Users/KDFX Team/snake2
C:/Users/KDFX Team/snake2
Using Asset Import Pipeline V2.
Refreshing native plugins compatible for Editor in 72.56 ms, found 1 plugins.
Preloading 0 native plugins for Editor in 0.00 ms.
Initialize engine version: 2020.3.0f1 (c7b5465681fb)
[Subsystems] Discovering subsystems at path C:/Program Files/Unity/Hub/Editor/2020.3.0f1/Editor/Data/Resources/UnitySubsystems
[Subsystems] Discovering subsystems at path C:/Users/KDFX Team/snake2/Assets
GfxDevice: creating device client; threaded=0
Direct3D:
    Version:  Direct3D 11.0 [level 11.0]
    Renderer: AMD Radeon HD 6670 (ID=0x6758)
    Vendor:   
    VRAM:     1008 MB
    Driver:   15.201.2401.0
Initialize mono
Mono path[0] = 'C:/Program Files/Unity/Hub/Editor/2020.3.0f1/Editor/Data/Managed'
Mono path[1] = 'C:/Program Files/Unity/Hub/Editor/2020.3.0f1/Editor/Data/MonoBleedingEdge/lib/mono/unityjit'
Mono config path = 'C:/Program Files/Unity/Hub/Editor/2020.3.0f1/Editor/Data/MonoBleedingEdge/etc'
Using monoOptions --debugger-agent=transport=dt_socket,embedding=1,server=y,suspend=n,address=127.0.0.1:56320
Begin MonoManager ReloadAssembly
Registering precompiled unity dll's ...
Register platform support module: C:/Program Files/Unity/Hub/Editor/2020.3.0f1/Editor/Data/PlaybackEngines/WindowsStandaloneSupport/UnityEditor.WindowsStandalone.Extensions.dll
Registered in 0.004600 seconds.
Native extension for WindowsStandalone target not found
Refreshing native plugins compatible for Editor in 140.95 ms, found 1 plugins.
Preloading 0 native plugins for Editor in 0.00 ms.
Invoked RoslynAnalysisRunner static constructor.
RoslynAnalysisRunner will not be running.
RoslynAnalysisRunner has terminated.
Mono: successfully reloaded assembly
- Completed reload, in  3.287 seconds
Platform modules already initialized, skipping
Registering precompiled user dll's ...
Registered in 0.001933 seconds.
Begin MonoManager ReloadAssembly
Native extension for WindowsStandalone target not found
Refreshing native plugins compatible for Editor in 127.07 ms, found 1 plugins.
Preloading 0 native plugins for Editor in 0.00 ms.
Invoked RoslynAnalysisRunner static constructor.
RoslynAnalysisRunner will not be running.
RoslynAnalysisRunner has terminated.
Mono: successfully reloaded assembly
- Completed reload, in  4.165 seconds
Platform modules already initialized, skipping
========================================================================
Worker process is ready to serve import requests
Launched and connected shader compiler UnityShaderCompiler.exe after 0.09 seconds
Refreshing native plugins compatible for Editor in 0.94 ms, found 1 plugins.
Preloading 0 native plugins for Editor in 0.00 ms.
Unloading 1812 Unused Serialized files (Serialized files now loaded: 0)
System memory in use before: 84.7 MB.
System memory in use after: 84.6 MB.

Unloading 24 unused Assets to reduce memory usage. Loaded Objects now: 2254.
Total: 5.200960 ms (FindLiveObjects: 0.978640 ms CreateObjectMapping: 0.156640 ms MarkObjects: 3.763120 ms  DeleteObjects: 0.292160 ms)

========================================================================
Received Import Request.
  path: Assets/Scripts/SnakeKeyboardInputHandler.cs
  artifactKey: Guid(4d65e5b49635ca24eabec8edca3c6981) Importer(815301076,1909f56bfc062723c751e8b465ee728b)
Start importing Assets/Scripts/SnakeKeyboardInputHandler.cs using Guid(4d65e5b49635ca24eabec8edca3c6981) Importer(815301076,1909f56bfc062723c751e8b465ee728b)  -> (artifact id: '10ad74a02a6ce00eb17419b4c642fb4d') in 0.128406 seconds
  Import took 0.137959 seconds .

========================================================================
Received Import Request.
  Time since last request: 77.067933 seconds.
  path: Assets/Scripts/TaleCollisionDestroyer.cs
  artifactKey: Guid(2da930150aed20b47a3db04c67826f17) Importer(815301076,1909f56bfc062723c751e8b465ee728b)
Start importing Assets/Scripts/TaleCollisionDestroyer.cs using Guid(2da930150aed20b47a3db04c67826f17) Importer(815301076,1909f56bfc062723c751e8b465ee728b)  -> (artifact id: '1b8cf274c313bfdd9c84a6b5fb5ecce9') in 0.002639 seconds
  Import took 0.010954 seconds .

========================================================================
Received Import Request.
  Time since last request: 0.013089 seconds.
  path: Assets/Scripts/TaleCollisionDestroyer.cs
  artifactKey: Guid(2da930150aed20b47a3db04c67826f17) Importer(815301076,1909f56bfc062723c751e8b465ee728b)
Start importing Assets/Scripts/TaleCollisionDestroyer.cs using Guid(2da930150aed20b47a3db04c67826f17) Importer(815301076,1909f56bfc062723c751e8b465ee728b)  -> (artifact id: '1b8cf274c313bfdd9c84a6b5fb5ecce9') in 0.002086 seconds
  Import took 0.006316 seconds .

AssetImportWorkerClient::OnTransportError - code=2 error=End of file
